[17:00:53.690][CONSTRUCT][CLIENT][INFO] Starting building internal Registries
[17:00:53.982][CONSTRUCT][CLIENT][INFO] The following mods have explicit CraftTweaker support:
'aquaculture' at version '1.16.5-2.1.19'
'crafttweaker' at version '7.1.0.313'
'createtweaker' at version '1.0.0.13'
'farmersdelight' at version '1.16.5-0.4.3'
'jeitweaker' at version '1.0.1.27'
[17:00:54.349][CONSTRUCT][CLIENT][INFO] Completed building internal Registries
[17:00:59.528][COMMON_SETUP][CLIENT][INFO] Started loading Scripts for Loader 'setupCommon'!
[17:00:59.945][COMMON_SETUP][CLIENT][INFO] Finished loading Scripts!
[17:02:46.523][DONE][CLIENT][INFO] Started loading Scripts for Loader 'crafttweaker'!
[17:02:46.574][DONE][CLIENT][INFO] Loading file: substratum_recipes.zs
[17:02:46.575][DONE][CLIENT][INFO] Loading file: substratum_removed_content.zs
[17:02:46.576][DONE][CLIENT][ERROR] Could not get item with name: <item:decorative_blocks:stone_pillar>! Item does not appear to exist!
[17:02:46.577][DONE][CLIENT][INFO] Loading file: substratum_renamed_content.zs
[17:02:46.577][DONE][CLIENT][ERROR] Parser Exception @ substratum_removed_content.zs:15:0 : Invalid parameters to BEP item: '<item:decorative_blocks:stone_pillar>. There may be more information about this in the log.
org.openzen.zenscript.lexer.ParseException: substratum_removed_content.zs:15:0: Invalid parameters to BEP item: '<item:decorative_blocks:stone_pillar>. There may be more information about this in the log.
	at com.blamejared.crafttweaker.api.zencode.brackets.ValidatedEscapableBracketParser.parse(ValidatedEscapableBracketParser.java:101)
	at com.blamejared.crafttweaker.api.zencode.brackets.IgnorePrefixCasingBracketParser.parse(IgnorePrefixCasingBracketParser.java:71)
	at org.openzen.zenscript.parser.expression.ParsedExpression.readPrimaryExpression(ParsedExpression.java:552)
	at org.openzen.zenscript.parser.expression.ParsedExpression.readPostfixExpression(ParsedExpression.java:354)
	at org.openzen.zenscript.parser.expression.ParsedExpression.readUnaryExpression(ParsedExpression.java:349)
	at org.openzen.zenscript.parser.expression.ParsedExpression.readMulExpression(ParsedExpression.java:278)
	at org.openzen.zenscript.parser.expression.ParsedExpression.readAddExpression(ParsedExpression.java:258)
	at org.openzen.zenscript.parser.expression.ParsedExpression.readShiftExpression(ParsedExpression.java:237)
	at org.openzen.zenscript.parser.expression.ParsedExpression.readCompareExpression(ParsedExpression.java:166)
	at org.openzen.zenscript.parser.expression.ParsedExpression.readAndExpression(ParsedExpression.java:156)
	at org.openzen.zenscript.parser.expression.ParsedExpression.readXorExpression(ParsedExpression.java:146)
	at org.openzen.zenscript.parser.expression.ParsedExpression.readOrExpression(ParsedExpression.java:136)
	at org.openzen.zenscript.parser.expression.ParsedExpression.readAndAndExpression(ParsedExpression.java:126)
	at org.openzen.zenscript.parser.expression.ParsedExpression.readOrOrExpression(ParsedExpression.java:110)
	at org.openzen.zenscript.parser.expression.ParsedExpression.readConditionalExpression(ParsedExpression.java:97)
	at org.openzen.zenscript.parser.expression.ParsedExpression.readAssignExpression(ParsedExpression.java:49)
	at org.openzen.zenscript.parser.expression.ParsedExpression.readPrimaryExpression(ParsedExpression.java:455)
	at org.openzen.zenscript.parser.expression.ParsedExpression.readPostfixExpression(ParsedExpression.java:354)
	at org.openzen.zenscript.parser.expression.ParsedExpression.readUnaryExpression(ParsedExpression.java:349)
	at org.openzen.zenscript.parser.expression.ParsedExpression.readMulExpression(ParsedExpression.java:278)
	at org.openzen.zenscript.parser.expression.ParsedExpression.readAddExpression(ParsedExpression.java:258)
	at org.openzen.zenscript.parser.expression.ParsedExpression.readShiftExpression(ParsedExpression.java:237)
	at org.openzen.zenscript.parser.expression.ParsedExpression.readCompareExpression(ParsedExpression.java:166)
	at org.openzen.zenscript.parser.expression.ParsedExpression.readAndExpression(ParsedExpression.java:156)
	at org.openzen.zenscript.parser.expression.ParsedExpression.readXorExpression(ParsedExpression.java:146)
	at org.openzen.zenscript.parser.expression.ParsedExpression.readOrExpression(ParsedExpression.java:136)
	at org.openzen.zenscript.parser.expression.ParsedExpression.readAndAndExpression(ParsedExpression.java:126)
	at org.openzen.zenscript.parser.expression.ParsedExpression.readOrOrExpression(ParsedExpression.java:110)
	at org.openzen.zenscript.parser.expression.ParsedExpression.readConditionalExpression(ParsedExpression.java:97)
	at org.openzen.zenscript.parser.expression.ParsedExpression.readAssignExpression(ParsedExpression.java:49)
	at org.openzen.zenscript.parser.expression.ParsedExpression.parse(ParsedExpression.java:40)
	at org.openzen.zenscript.parser.statements.ParsedStatement.parse(ParsedStatement.java:114)
	at org.openzen.zenscript.parser.statements.ParsedStatement.parse(ParsedStatement.java:81)
	at org.openzen.zenscript.parser.ParsedFile.parse(ParsedFile.java:215)
	at org.openzen.zenscript.parser.ParsedFile.parse(ParsedFile.java:158)
	at org.openzen.zencode.java.ScriptingEngine.createScriptedModule(ScriptingEngine.java:109)
	at com.blamejared.crafttweaker.api.zencode.impl.loaders.ScriptRun.readAndExecuteScripts(ScriptRun.java:104)
	at com.blamejared.crafttweaker.api.zencode.impl.loaders.ScriptRun.run(ScriptRun.java:94)
	at com.blamejared.crafttweaker.api.CraftTweakerAPI.loadScripts(CraftTweakerAPI.java:144)
	at com.blamejared.crafttweaker.api.CraftTweakerAPI.loadScripts(CraftTweakerAPI.java:127)
	at com.blamejared.crafttweaker.CraftTweaker$1.apply(CraftTweaker.java:252)
	at com.blamejared.crafttweaker.CraftTweaker$1.func_212853_a_(CraftTweaker.java:231)
	at net.minecraft.client.resources.ReloadListener.func_215269_a(SourceFile:13)
	at net.minecraft.client.resources.ReloadListener$$Lambda$8774/1884066394.accept(Unknown Source)
	at java.util.concurrent.CompletableFuture.uniAccept(CompletableFuture.java:656)
	at java.util.concurrent.CompletableFuture$UniAccept.tryFire(CompletableFuture.java:632)
	at java.util.concurrent.CompletableFuture$Completion.run(CompletableFuture.java:442)
	at net.minecraft.resources.AsyncReloader.func_219557_a(SourceFile:71)
	at net.minecraft.resources.AsyncReloader$$Lambda$9010/230549122.run(Unknown Source)
	at net.minecraft.util.concurrent.ThreadTaskExecutor.func_213166_h(ThreadTaskExecutor.java:189)
	at net.minecraft.util.concurrent.RecursiveEventLoop.func_213166_h(SourceFile:23)
	at net.minecraft.util.concurrent.ThreadTaskExecutor.func_213168_p(ThreadTaskExecutor.java:151)
	at net.minecraft.util.concurrent.ThreadTaskExecutor.func_213161_c(ThreadTaskExecutor.java:167)
	at net.minecraft.client.Minecraft.func_238189_a_(Minecraft.java:1863)
	at net.minecraft.client.Minecraft.loadWorld(Minecraft.java:1712)
	at net.minecraft.client.Minecraft.func_238192_a_(Minecraft.java:1685)
	at net.minecraft.client.gui.screen.CreateWorldScreen.func_195352_j(CreateWorldScreen.java:260)
	at net.minecraft.client.gui.screen.CreateWorldScreen.lambda$init$11(CreateWorldScreen.java:205)
	at net.minecraft.client.gui.screen.CreateWorldScreen$$Lambda$11296/515487857.onPress(Unknown Source)
	at net.minecraft.client.gui.widget.button.Button.func_230930_b_(SourceFile:33)
	at net.minecraft.client.gui.widget.button.AbstractButton.func_230982_a_(SourceFile:16)
	at net.minecraft.client.gui.widget.Widget.func_231044_a_(Widget.java:136)
	at net.minecraft.client.gui.INestedGuiEventHandler.func_231044_a_(SourceFile:27)
	at net.minecraft.client.MouseHelper.func_198033_b(MouseHelper.java:87)
	at net.minecraft.client.MouseHelper$$Lambda$10885/518608970.run(Unknown Source)
	at net.minecraft.client.gui.screen.Screen.func_231153_a_(Screen.java:427)
	at net.minecraft.client.MouseHelper.func_198023_a(MouseHelper.java:85)
	at net.minecraft.client.MouseHelper.func_228030_c_(MouseHelper.java:175)
	at net.minecraft.client.MouseHelper$$Lambda$10884/25929289.run(Unknown Source)
	at net.minecraft.util.concurrent.ThreadTaskExecutor.execute(ThreadTaskExecutor.java:111)
	at net.minecraft.client.MouseHelper.func_228028_b_(MouseHelper.java:174)
	at net.minecraft.client.MouseHelper$$Lambda$8726/604805970.invoke(Unknown Source)
	at org.lwjgl.glfw.GLFWMouseButtonCallback$Container.invoke(GLFWMouseButtonCallback.java:81)
	at bre2el.fpsreducer.handler.glfw.InputEventHandler$MouseButtonEventHandler.invoke(InputEventHandler.java:99)
	at org.lwjgl.glfw.GLFWMouseButtonCallbackI.callback(GLFWMouseButtonCallbackI.java:36)
	at org.lwjgl.system.JNI.invokeV(Native Method)
	at org.lwjgl.glfw.GLFW.glfwWaitEventsTimeout(GLFW.java:3174)
	at com.mojang.blaze3d.systems.RenderSystem.limitDisplayFPS(SourceFile:127)
	at net.minecraft.client.Minecraft.func_195542_b(Minecraft.java:999)
	at net.minecraft.client.Minecraft.func_99999_d(Minecraft.java:607)
	at net.minecraft.client.main.Main.main(Main.java:184)
	at sun.reflect.NativeMethodAccessorImpl.invoke0(Native Method)
	at sun.reflect.NativeMethodAccessorImpl.invoke(NativeMethodAccessorImpl.java:62)
	at sun.reflect.DelegatingMethodAccessorImpl.invoke(DelegatingMethodAccessorImpl.java:43)
	at java.lang.reflect.Method.invoke(Method.java:497)
	at net.minecraftforge.fml.loading.FMLClientLaunchProvider.lambda$launchService$0(FMLClientLaunchProvider.java:51)
	at net.minecraftforge.fml.loading.FMLClientLaunchProvider$$Lambda$479/884502914.call(Unknown Source)
	at cpw.mods.modlauncher.LaunchServiceHandlerDecorator.launch(LaunchServiceHandlerDecorator.java:37)
	at cpw.mods.modlauncher.LaunchServiceHandler.launch(LaunchServiceHandler.java:54)
	at cpw.mods.modlauncher.LaunchServiceHandler.launch(LaunchServiceHandler.java:72)
	at cpw.mods.modlauncher.Launcher.run(Launcher.java:82)
	at cpw.mods.modlauncher.Launcher.main(Launcher.java:66)

[17:02:46.578][DONE][CLIENT][ERROR] Scripts are invalid!
[17:02:46.578][DONE][CLIENT][INFO] Finished loading Scripts!
[17:02:46.580][DONE][CLIENT][INFO] This reload was made possible by Peregrinus11 and more! Become a patron at https://patreon.com/jaredlll08?s=crtmod
[17:03:20.558][DONE][CLIENT][INFO] Started loading Scripts for Loader 'crafttweaker'!
[17:03:20.594][DONE][CLIENT][INFO] Loading file: substratum_recipes.zs
[17:03:20.594][DONE][CLIENT][INFO] Loading file: substratum_removed_content.zs
[17:03:20.594][DONE][CLIENT][ERROR] Could not get item with name: <item:decorative_blocks:stone_pillar>! Item does not appear to exist!
[17:03:20.595][DONE][CLIENT][INFO] Loading file: substratum_renamed_content.zs
[17:03:20.595][DONE][CLIENT][ERROR] Parser Exception @ substratum_removed_content.zs:15:0 : Invalid parameters to BEP item: '<item:decorative_blocks:stone_pillar>. There may be more information about this in the log.
org.openzen.zenscript.lexer.ParseException: substratum_removed_content.zs:15:0: Invalid parameters to BEP item: '<item:decorative_blocks:stone_pillar>. There may be more information about this in the log.
	at com.blamejared.crafttweaker.api.zencode.brackets.ValidatedEscapableBracketParser.parse(ValidatedEscapableBracketParser.java:101)
	at com.blamejared.crafttweaker.api.zencode.brackets.IgnorePrefixCasingBracketParser.parse(IgnorePrefixCasingBracketParser.java:71)
	at org.openzen.zenscript.parser.expression.ParsedExpression.readPrimaryExpression(ParsedExpression.java:552)
	at org.openzen.zenscript.parser.expression.ParsedExpression.readPostfixExpression(ParsedExpression.java:354)
	at org.openzen.zenscript.parser.expression.ParsedExpression.readUnaryExpression(ParsedExpression.java:349)
	at org.openzen.zenscript.parser.expression.ParsedExpression.readMulExpression(ParsedExpression.java:278)
	at org.openzen.zenscript.parser.expression.ParsedExpression.readAddExpression(ParsedExpression.java:258)
	at org.openzen.zenscript.parser.expression.ParsedExpression.readShiftExpression(ParsedExpression.java:237)
	at org.openzen.zenscript.parser.expression.ParsedExpression.readCompareExpression(ParsedExpression.java:166)
	at org.openzen.zenscript.parser.expression.ParsedExpression.readAndExpression(ParsedExpression.java:156)
	at org.openzen.zenscript.parser.expression.ParsedExpression.readXorExpression(ParsedExpression.java:146)
	at org.openzen.zenscript.parser.expression.ParsedExpression.readOrExpression(ParsedExpression.java:136)
	at org.openzen.zenscript.parser.expression.ParsedExpression.readAndAndExpression(ParsedExpression.java:126)
	at org.openzen.zenscript.parser.expression.ParsedExpression.readOrOrExpression(ParsedExpression.java:110)
	at org.openzen.zenscript.parser.expression.ParsedExpression.readConditionalExpression(ParsedExpression.java:97)
	at org.openzen.zenscript.parser.expression.ParsedExpression.readAssignExpression(ParsedExpression.java:49)
	at org.openzen.zenscript.parser.expression.ParsedExpression.readPrimaryExpression(ParsedExpression.java:455)
	at org.openzen.zenscript.parser.expression.ParsedExpression.readPostfixExpression(ParsedExpression.java:354)
	at org.openzen.zenscript.parser.expression.ParsedExpression.readUnaryExpression(ParsedExpression.java:349)
	at org.openzen.zenscript.parser.expression.ParsedExpression.readMulExpression(ParsedExpression.java:278)
	at org.openzen.zenscript.parser.expression.ParsedExpression.readAddExpression(ParsedExpression.java:258)
	at org.openzen.zenscript.parser.expression.ParsedExpression.readShiftExpression(ParsedExpression.java:237)
	at org.openzen.zenscript.parser.expression.ParsedExpression.readCompareExpression(ParsedExpression.java:166)
	at org.openzen.zenscript.parser.expression.ParsedExpression.readAndExpression(ParsedExpression.java:156)
	at org.openzen.zenscript.parser.expression.ParsedExpression.readXorExpression(ParsedExpression.java:146)
	at org.openzen.zenscript.parser.expression.ParsedExpression.readOrExpression(ParsedExpression.java:136)
	at org.openzen.zenscript.parser.expression.ParsedExpression.readAndAndExpression(ParsedExpression.java:126)
	at org.openzen.zenscript.parser.expression.ParsedExpression.readOrOrExpression(ParsedExpression.java:110)
	at org.openzen.zenscript.parser.expression.ParsedExpression.readConditionalExpression(ParsedExpression.java:97)
	at org.openzen.zenscript.parser.expression.ParsedExpression.readAssignExpression(ParsedExpression.java:49)
	at org.openzen.zenscript.parser.expression.ParsedExpression.parse(ParsedExpression.java:40)
	at org.openzen.zenscript.parser.statements.ParsedStatement.parse(ParsedStatement.java:114)
	at org.openzen.zenscript.parser.statements.ParsedStatement.parse(ParsedStatement.java:81)
	at org.openzen.zenscript.parser.ParsedFile.parse(ParsedFile.java:215)
	at org.openzen.zenscript.parser.ParsedFile.parse(ParsedFile.java:158)
	at org.openzen.zencode.java.ScriptingEngine.createScriptedModule(ScriptingEngine.java:109)
	at com.blamejared.crafttweaker.api.zencode.impl.loaders.ScriptRun.readAndExecuteScripts(ScriptRun.java:104)
	at com.blamejared.crafttweaker.api.zencode.impl.loaders.ScriptRun.run(ScriptRun.java:94)
	at com.blamejared.crafttweaker.api.CraftTweakerAPI.loadScripts(CraftTweakerAPI.java:144)
	at com.blamejared.crafttweaker.api.CraftTweakerAPI.loadScriptsFromRecipeManager(CraftTweakerAPI.java:175)
	at com.blamejared.crafttweaker.CraftTweaker.getRecipes(CraftTweaker.java:207)
	at net.minecraftforge.eventbus.ASMEventHandler_546_CraftTweaker_getRecipes_RecipesUpdatedEvent.invoke(.dynamic)
	at net.minecraftforge.eventbus.ASMEventHandler.invoke(ASMEventHandler.java:85)
	at net.minecraftforge.eventbus.EventBus$$Lambda$2463/776947273.invoke(Unknown Source)
	at net.minecraftforge.eventbus.EventBus.post(EventBus.java:302)
	at net.minecraftforge.eventbus.EventBus.post(EventBus.java:283)
	at net.minecraftforge.client.ForgeHooksClient.onRecipesUpdated(ForgeHooksClient.java:706)
	at net.minecraft.client.network.play.ClientPlayNetHandler.func_199525_a(ClientPlayNetHandler.java:1314)
	at net.minecraft.network.play.server.SUpdateRecipesPacket.func_148833_a(SourceFile:27)
	at net.minecraft.network.play.server.SUpdateRecipesPacket.func_148833_a(SourceFile:15)
	at net.minecraft.network.PacketThreadUtil.lambda$checkThreadAndEnqueue$0(PacketThreadUtil.java:36)
	at net.minecraft.network.PacketThreadUtil$$Lambda$13678/1207205276.run(Unknown Source)
	at net.optifine.util.PacketRunnable.run(PacketRunnable.java:28)
	at net.minecraft.util.concurrent.ThreadTaskExecutor.func_213166_h(ThreadTaskExecutor.java:189)
	at net.minecraft.util.concurrent.RecursiveEventLoop.func_213166_h(SourceFile:23)
	at net.minecraft.util.concurrent.ThreadTaskExecutor.func_213168_p(ThreadTaskExecutor.java:151)
	at net.minecraft.util.concurrent.ThreadTaskExecutor.func_213160_bf(ThreadTaskExecutor.java:128)
	at net.minecraft.client.Minecraft.func_195542_b(Minecraft.java:947)
	at net.minecraft.client.Minecraft.func_99999_d(Minecraft.java:607)
	at net.minecraft.client.main.Main.main(Main.java:184)
	at sun.reflect.NativeMethodAccessorImpl.invoke0(Native Method)
	at sun.reflect.NativeMethodAccessorImpl.invoke(NativeMethodAccessorImpl.java:62)
	at sun.reflect.DelegatingMethodAccessorImpl.invoke(DelegatingMethodAccessorImpl.java:43)
	at java.lang.reflect.Method.invoke(Method.java:497)
	at net.minecraftforge.fml.loading.FMLClientLaunchProvider.lambda$launchService$0(FMLClientLaunchProvider.java:51)
	at net.minecraftforge.fml.loading.FMLClientLaunchProvider$$Lambda$479/884502914.call(Unknown Source)
	at cpw.mods.modlauncher.LaunchServiceHandlerDecorator.launch(LaunchServiceHandlerDecorator.java:37)
	at cpw.mods.modlauncher.LaunchServiceHandler.launch(LaunchServiceHandler.java:54)
	at cpw.mods.modlauncher.LaunchServiceHandler.launch(LaunchServiceHandler.java:72)
	at cpw.mods.modlauncher.Launcher.run(Launcher.java:82)
	at cpw.mods.modlauncher.Launcher.main(Launcher.java:66)

[17:03:20.596][DONE][CLIENT][ERROR] Scripts are invalid!
[17:03:20.596][DONE][CLIENT][INFO] Finished loading Scripts!
